<?xml version="1.0" encoding="UTF-8"?>
<testsuite name="com.example.sdlcplayground.SdlcPlaygroundApplicationTests" tests="1" skipped="0" failures="0" errors="0" timestamp="2023-08-20T19:40:54" hostname="Ihors-MacBook-Pro-2.local" time="0.352">
  <properties/>
  <testcase name="contextLoads()" classname="com.example.sdlcplayground.SdlcPlaygroundApplicationTests" time="0.352"/>
  <system-out><![CDATA[21:40:54.187 [Test worker] INFO org.springframework.test.context.support.AnnotationConfigContextLoaderUtils -- Could not detect default configuration classes for test class [com.example.sdlcplayground.SdlcPlaygroundApplicationTests]: SdlcPlaygroundApplicationTests does not declare any static, non-private, non-final, nested classes annotated with @Configuration.
21:40:54.222 [Test worker] INFO org.springframework.boot.test.context.SpringBootTestContextBootstrapper -- Found @SpringBootConfiguration com.example.sdlcplayground.SdlcPlaygroundApplication for test class com.example.sdlcplayground.SdlcPlaygroundApplicationTests

  .   ____          _            __ _ _
 /\\ / ___'_ __ _ _(_)_ __  __ _ \ \ \ \
( ( )\___ | '_ | '_| | '_ \/ _` | \ \ \ \
 \\/  ___)| |_)| | | | | || (_| |  ) ) ) )
  '  |____| .__|_| |_|_| |_\__, | / / / /
 =========|_|==============|___/=/_/_/_/
 :: Spring Boot ::                (v3.1.2)

2023-08-20T21:40:54.355+02:00  INFO 85365 --- [    Test worker] c.e.s.SdlcPlaygroundApplicationTests     : Starting SdlcPlaygroundApplicationTests using Java 17.0.8 with PID 85365 (started by ihorhorovyi in /Users/ihorhorovyi/IdeaProjects/sdlc-playground )
2023-08-20T21:40:54.356+02:00  INFO 85365 --- [    Test worker] c.e.s.SdlcPlaygroundApplicationTests     : No active profile set, falling back to 1 default profile: "default"
2023-08-20T21:40:54.733+02:00  INFO 85365 --- [    Test worker] c.e.s.SdlcPlaygroundApplicationTests     : Started SdlcPlaygroundApplicationTests in 0.459 seconds (process running for 0.852)
]]></system-out>
  <system-err><![CDATA[]]></system-err>
</testsuite>
